<?xml version="1.0" encoding="UTF-8"?>
<!-- Generated by org.testng.reporters.JUnitReportReporter -->
<testsuite skipped="0" hostname="hp" name="com.netBankingV1.testCases.TC_001" tests="1" failures="0" timestamp="10 Mar 2019 18:52:22 GMT" time="11.738" errors="0">
  <testcase name="loginTest" time="11.738" classname="com.netBankingV1.testCases.TC_001"/>
</testsuite> <!-- com.netBankingV1.testCases.TC_001 -->
